<?xml version="1.0" encoding="UTF-8"?>
<testng-results ignored="0" total="3" passed="3" failed="0" skipped="0">
  <reporter-output>
  </reporter-output>
  <suite started-at="2025-03-28T15:51:02 IST" name="SauceDemoSuite" finished-at="2025-03-28T15:51:09 IST" duration-ms="7737">
    <groups>
    </groups>
    <test started-at="2025-03-28T15:51:02 IST" name="LoginTests" finished-at="2025-03-28T15:51:09 IST" duration-ms="7737">
      <class name="Tests.LoginTest">
        <test-method is-config="true" signature="setup()[pri:0, instance:Tests.LoginTest@6c6cb480]" started-at="2025-03-28T15:51:02 IST" name="setup" finished-at="2025-03-28T15:51:05 IST" duration-ms="2581" status="PASS">
          <reporter-output>
          </reporter-output>
        </test-method> <!-- setup -->
        <test-method signature="testLogin(java.lang.String,java.lang.String,java.lang.String)[pri:1, instance:Tests.LoginTest@6c6cb480]" started-at="2025-03-28T15:51:05 IST" name="testLogin" data-provider="loginData" finished-at="2025-03-28T15:51:05 IST" duration-ms="290" status="PASS">
          <params>
            <param index="0">
              <value>
                <![CDATA[standard_user]]>
              </value>
            </param>
            <param index="1">
              <value>
                <![CDATA[]]>
              </value>
            </param>
            <param index="2">
              <value>
                <![CDATA[Password is required]]>
              </value>
            </param>
          </params>
          <reporter-output>
          </reporter-output>
        </test-method> <!-- testLogin -->
        <test-method is-config="true" signature="teardown()[pri:0, instance:Tests.LoginTest@6c6cb480]" started-at="2025-03-28T15:51:05 IST" name="teardown" finished-at="2025-03-28T15:51:05 IST" duration-ms="124" status="PASS">
          <reporter-output>
          </reporter-output>
        </test-method> <!-- teardown -->
        <test-method is-config="true" signature="setup()[pri:0, instance:Tests.LoginTest@6c6cb480]" started-at="2025-03-28T15:51:05 IST" name="setup" finished-at="2025-03-28T15:51:07 IST" duration-ms="1537" status="PASS">
          <reporter-output>
          </reporter-output>
        </test-method> <!-- setup -->
        <test-method signature="testLogin(java.lang.String,java.lang.String,java.lang.String)[pri:1, instance:Tests.LoginTest@6c6cb480]" started-at="2025-03-28T15:51:07 IST" name="testLogin" data-provider="loginData" finished-at="2025-03-28T15:51:07 IST" duration-ms="436" status="PASS">
          <params>
            <param index="0">
              <value>
                <![CDATA[]]>
              </value>
            </param>
            <param index="1">
              <value>
                <![CDATA[secret_sauce]]>
              </value>
            </param>
            <param index="2">
              <value>
                <![CDATA[Username is required]]>
              </value>
            </param>
          </params>
          <reporter-output>
          </reporter-output>
        </test-method> <!-- testLogin -->
        <test-method is-config="true" signature="teardown()[pri:0, instance:Tests.LoginTest@6c6cb480]" started-at="2025-03-28T15:51:07 IST" name="teardown" finished-at="2025-03-28T15:51:07 IST" duration-ms="162" status="PASS">
          <reporter-output>
          </reporter-output>
        </test-method> <!-- teardown -->
        <test-method is-config="true" signature="setup()[pri:0, instance:Tests.LoginTest@6c6cb480]" started-at="2025-03-28T15:51:07 IST" name="setup" finished-at="2025-03-28T15:51:09 IST" duration-ms="1366" status="PASS">
          <reporter-output>
          </reporter-output>
        </test-method> <!-- setup -->
        <test-method signature="testLogin(java.lang.String,java.lang.String,java.lang.String)[pri:1, instance:Tests.LoginTest@6c6cb480]" started-at="2025-03-28T15:51:09 IST" name="testLogin" data-provider="loginData" finished-at="2025-03-28T15:51:09 IST" duration-ms="239" status="PASS">
          <params>
            <param index="0">
              <value>
                <![CDATA[standard_user1]]>
              </value>
            </param>
            <param index="1">
              <value>
                <![CDATA[secret_sauce2]]>
              </value>
            </param>
            <param index="2">
              <value>
                <![CDATA[Username and password do not match any user in this service]]>
              </value>
            </param>
          </params>
          <reporter-output>
          </reporter-output>
        </test-method> <!-- testLogin -->
        <test-method is-config="true" signature="teardown()[pri:0, instance:Tests.LoginTest@6c6cb480]" started-at="2025-03-28T15:51:09 IST" name="teardown" finished-at="2025-03-28T15:51:09 IST" duration-ms="149" status="PASS">
          <reporter-output>
          </reporter-output>
        </test-method> <!-- teardown -->
      </class> <!-- Tests.LoginTest -->
    </test> <!-- LoginTests -->
  </suite> <!-- SauceDemoSuite -->
</testng-results>
