<?xml version="1.0" encoding="UTF-8"?>
<!-- Generated by org.testng.reporters.JUnitXMLReporter -->
<testsuite ignored="0" hostname="Thoushika" failures="1" tests="3" name="LoginTests" time="6.784" errors="0" timestamp="2025-03-28T12:32:39 IST">
  <testcase classname="Tests.LoginTest" name="testLogin" time="0.331"/>
  <testcase classname="Tests.LoginTest" name="testLogin" time="0.315"/>
  <testcase classname="Tests.LoginTest" name="testLogin" time="0.412">
    <failure type="java.lang.AssertionError" message="Error message expected [true] but found [false]">
      <![CDATA[java.lang.AssertionError: Error message expected [true] but found [false]
at Tests.LoginTest.testLogin(LoginTest.java:31)
at java.base/java.util.ArrayList.forEach(ArrayList.java:1596)
... Removed 28 stack frames]]>
    </failure>
  </testcase> <!-- testLogin -->
</testsuite> <!-- LoginTests -->
